e:\q2source\quake2-full\game\release\m_berserk.obj
e:\q2source\quake2-full\game\release\m_actor.obj
e:\q2source\quake2-full\game\release\g_weapon.obj
e:\q2source\quake2-full\game\release\g_utils.obj
e:\q2source\quake2-full\game\release\g_turret.obj
e:\q2source\quake2-full\game\release\g_trigger.obj
e:\q2source\quake2-full\game\release\g_target.obj
e:\q2source\quake2-full\game\release\g_svcmds.obj
e:\q2source\quake2-full\game\release\g_spawn.obj
e:\q2source\quake2-full\game\release\g_save.obj
e:\q2source\quake2-full\game\release\g_phys.obj
e:\q2source\quake2-full\game\release\g_monster.obj
e:\q2source\quake2-full\game\release\g_misc.obj
e:\q2source\quake2-full\game\release\g_main.obj
e:\q2source\quake2-full\game\release\g_items.obj
e:\q2source\quake2-full\game\release\g_func.obj
e:\q2source\quake2-full\game\release\g_combat.obj
e:\q2source\quake2-full\game\release\g_cmds.obj
e:\q2source\quake2-full\game\release\g_chase.obj
e:\q2source\quake2-full\game\release\g_ai.obj
e:\q2source\quake2-full\game\release\m_soldier.obj
e:\q2source\quake2-full\game\release\m_parasite.obj
e:\q2source\quake2-full\game\release\m_mutant.obj
e:\q2source\quake2-full\game\release\m_move.obj
e:\q2source\quake2-full\game\release\m_medic.obj
e:\q2source\quake2-full\game\release\m_insane.obj
e:\q2source\quake2-full\game\release\m_infantry.obj
e:\q2source\quake2-full\game\release\m_hover.obj
e:\q2source\quake2-full\game\release\m_gunner.obj
e:\q2source\quake2-full\game\release\m_gladiator.obj
e:\q2source\quake2-full\game\release\m_flyer.obj
e:\q2source\quake2-full\game\release\m_float.obj
e:\q2source\quake2-full\game\release\m_flipper.obj
e:\q2source\quake2-full\game\release\m_flash.obj
e:\q2source\quake2-full\game\release\m_chick.obj
e:\q2source\quake2-full\game\release\m_brain.obj
e:\q2source\quake2-full\game\release\m_boss32.obj
e:\q2source\quake2-full\game\release\m_boss31.obj
e:\q2source\quake2-full\game\release\m_boss3.obj
e:\q2source\quake2-full\game\release\m_boss2.obj
e:\q2source\quake2-full\game\release\q_shared.obj
e:\q2source\quake2-full\game\release\p_weapon.obj
e:\q2source\quake2-full\game\release\p_view.obj
e:\q2source\quake2-full\game\release\p_trail.obj
e:\q2source\quake2-full\game\release\p_hud.obj
e:\q2source\quake2-full\game\release\p_client.obj
e:\q2source\quake2-full\game\release\m_tank.obj
e:\q2source\quake2-full\game\release\m_supertank.obj
e:\q2source\quake2-full\release\gamex86.lib
e:\q2source\quake2-full\release\gamex86.exp
g:\steamlibrary\steamapps\common\quake 2\mymod\gamex86.dll
e:\q2source\quake2-full\game\release\game.tlog\cl.command.1.tlog
e:\q2source\quake2-full\game\release\game.tlog\cl.read.1.tlog
e:\q2source\quake2-full\game\release\game.tlog\cl.write.1.tlog
e:\q2source\quake2-full\game\release\game.tlog\game.write.1u.tlog
e:\q2source\quake2-full\game\release\game.tlog\link.command.1.tlog
e:\q2source\quake2-full\game\release\game.tlog\link.read.1.tlog
e:\q2source\quake2-full\game\release\game.tlog\link.write.1.tlog
